2025-03-17 16:41:03,798 Worker rq:worker:d038f5876a5e480caff7808af8143ab6 started with PID 12427, version 2.1.0
2025-03-17 16:41:03,798 Subscribing to channel rq:pubsub:d038f5876a5e480caff7808af8143ab6
2025-03-17 16:41:03,799 *** Listening on Users-josueisoffline-Documents-GitHub-splitapp:short, Users-josueisoffline-Documents-GitHub-splitapp:default, Users-josueisoffline-Documents-GitHub-splitapp:long...
2025-03-17 16:41:03,799 Cleaning registries for queue: Users-josueisoffline-Documents-GitHub-splitapp:short
2025-03-17 16:41:03,799 Cleaning registries for queue: Users-josueisoffline-Documents-GitHub-splitapp:default
2025-03-17 16:41:03,800 Cleaning registries for queue: Users-josueisoffline-Documents-GitHub-splitapp:long
2025-03-17 16:42:55,074 Worker d038f5876a5e480caff7808af8143ab6 [PID 12427]: warm shut down requested
2025-03-17 16:42:55,079 Unsubscribing from channel rq:pubsub:d038f5876a5e480caff7808af8143ab6
2025-03-17 16:42:57,115 Worker rq:worker:ea91b3a69eea40528d63c2532279b1d8 started with PID 12885, version 2.1.0
2025-03-17 16:42:57,115 Subscribing to channel rq:pubsub:ea91b3a69eea40528d63c2532279b1d8
2025-03-17 16:42:57,115 *** Listening on Users-josueisoffline-Documents-GitHub-splitapp:short, Users-josueisoffline-Documents-GitHub-splitapp:default, Users-josueisoffline-Documents-GitHub-splitapp:long...
2025-03-17 16:42:57,115 Cleaning registries for queue: Users-josueisoffline-Documents-GitHub-splitapp:short
2025-03-17 16:42:57,116 Cleaning registries for queue: Users-josueisoffline-Documents-GitHub-splitapp:default
2025-03-17 16:42:57,116 Cleaning registries for queue: Users-josueisoffline-Documents-GitHub-splitapp:long
2025-03-17 16:46:09,277 Users-josueisoffline-Documents-GitHub-splitapp:default: frappe.utils.background_jobs.execute_job(event=None, is_async=True, job_name='frappe.core.doctype.user.user.create_contact', kwargs={'user': <User: doctype=User josuehernandez2314@gmail.com>, 'ignore_mandato..., method='frappe.core.doctype.user.user.create_contact', site='bat.localhost', user='Administrator') (bat.localhost||4a839afd-424e-4c6c-b8c6-83d239accb53)
2025-03-17 16:46:09,718 Successfully completed frappe.utils.background_jobs.execute_job(event=None, is_async=True, job_name='frappe.core.doctype.user.user.create_contact', kwargs={'user': <User: doctype=User josuehernandez2314@gmail.com>, 'ignore_mandato..., method='frappe.core.doctype.user.user.create_contact', site='bat.localhost', user='Administrator') job in 0:00:00.325630s on worker ea91b3a69eea40528d63c2532279b1d8
2025-03-17 16:46:09,718 Users-josueisoffline-Documents-GitHub-splitapp:default: Job OK (bat.localhost||4a839afd-424e-4c6c-b8c6-83d239accb53)
2025-03-17 16:46:09,718 Result is kept for 600 seconds
2025-03-17 16:46:09,723 Users-josueisoffline-Documents-GitHub-splitapp:default: frappe.utils.background_jobs.execute_job(event=None, is_async=True, job_name='frappe.core.doctype.user.user.update_gravatar', kwargs={'name': 'josuehernandez2314@gmail.com'}, method='frappe.core.doctype.user.user.update_gravatar', site='bat.localhost', user='Administrator') (bat.localhost||7f026066-ac92-4b4f-a27c-21d20d2672ae)
2025-03-17 16:46:09,924 Successfully completed frappe.utils.background_jobs.execute_job(event=None, is_async=True, job_name='frappe.core.doctype.user.user.update_gravatar', kwargs={'name': 'josuehernandez2314@gmail.com'}, method='frappe.core.doctype.user.user.update_gravatar', site='bat.localhost', user='Administrator') job in 0:00:00.194937s on worker ea91b3a69eea40528d63c2532279b1d8
2025-03-17 16:46:09,924 Users-josueisoffline-Documents-GitHub-splitapp:default: Job OK (bat.localhost||7f026066-ac92-4b4f-a27c-21d20d2672ae)
2025-03-17 16:46:09,924 Result is kept for 600 seconds
2025-03-17 16:59:40,028 Cleaning registries for queue: Users-josueisoffline-Documents-GitHub-splitapp:short
2025-03-17 16:59:40,031 Cleaning registries for queue: Users-josueisoffline-Documents-GitHub-splitapp:default
2025-03-17 16:59:40,032 Cleaning registries for queue: Users-josueisoffline-Documents-GitHub-splitapp:long
2025-03-17 17:07:47,062 Users-josueisoffline-Documents-GitHub-splitapp:default: frappe.utils.background_jobs.execute_job(event=None, is_async=True, job_name='frappe.core.doctype.user.user.create_contact', kwargs={'user': <User: doctype=User friend1@gmail.com>, 'ignore_mandatory': True}, method='frappe.core.doctype.user.user.create_contact', site='bat.localhost', user='Administrator') (bat.localhost||e2dfefa4-a8a1-430f-b1b1-d7af05b3098b)
2025-03-17 17:07:47,507 Successfully completed frappe.utils.background_jobs.execute_job(event=None, is_async=True, job_name='frappe.core.doctype.user.user.create_contact', kwargs={'user': <User: doctype=User friend1@gmail.com>, 'ignore_mandatory': True}, method='frappe.core.doctype.user.user.create_contact', site='bat.localhost', user='Administrator') job in 0:00:00.318039s on worker ea91b3a69eea40528d63c2532279b1d8
2025-03-17 17:07:47,507 Users-josueisoffline-Documents-GitHub-splitapp:default: Job OK (bat.localhost||e2dfefa4-a8a1-430f-b1b1-d7af05b3098b)
2025-03-17 17:07:47,507 Result is kept for 600 seconds
2025-03-17 17:07:47,510 Users-josueisoffline-Documents-GitHub-splitapp:default: frappe.utils.background_jobs.execute_job(event=None, is_async=True, job_name='frappe.core.doctype.user.user.update_gravatar', kwargs={'name': 'friend1@gmail.com'}, method='frappe.core.doctype.user.user.update_gravatar', site='bat.localhost', user='Administrator') (bat.localhost||9016a0ea-fd64-483a-bde6-6656ae6ce41b)
2025-03-17 17:07:47,706 Successfully completed frappe.utils.background_jobs.execute_job(event=None, is_async=True, job_name='frappe.core.doctype.user.user.update_gravatar', kwargs={'name': 'friend1@gmail.com'}, method='frappe.core.doctype.user.user.update_gravatar', site='bat.localhost', user='Administrator') job in 0:00:00.189066s on worker ea91b3a69eea40528d63c2532279b1d8
2025-03-17 17:07:47,706 Users-josueisoffline-Documents-GitHub-splitapp:default: Job OK (bat.localhost||9016a0ea-fd64-483a-bde6-6656ae6ce41b)
2025-03-17 17:07:47,706 Result is kept for 600 seconds
2025-03-17 17:09:11,871 Users-josueisoffline-Documents-GitHub-splitapp:default: frappe.utils.background_jobs.execute_job(event=None, is_async=True, job_name='frappe.core.doctype.user.user.create_contact', kwargs={'user': <User: doctype=User friend2@gmail.com>, 'ignore_mandatory': True}, method='frappe.core.doctype.user.user.create_contact', site='bat.localhost', user='Administrator') (bat.localhost||025cf18b-19db-453e-b457-cc0b0f76b109)
2025-03-17 17:09:12,340 Successfully completed frappe.utils.background_jobs.execute_job(event=None, is_async=True, job_name='frappe.core.doctype.user.user.create_contact', kwargs={'user': <User: doctype=User friend2@gmail.com>, 'ignore_mandatory': True}, method='frappe.core.doctype.user.user.create_contact', site='bat.localhost', user='Administrator') job in 0:00:00.340367s on worker ea91b3a69eea40528d63c2532279b1d8
2025-03-17 17:09:12,340 Users-josueisoffline-Documents-GitHub-splitapp:default: Job OK (bat.localhost||025cf18b-19db-453e-b457-cc0b0f76b109)
2025-03-17 17:09:12,340 Result is kept for 600 seconds
2025-03-17 17:09:12,343 Users-josueisoffline-Documents-GitHub-splitapp:default: frappe.utils.background_jobs.execute_job(event=None, is_async=True, job_name='frappe.core.doctype.user.user.update_gravatar', kwargs={'name': 'friend2@gmail.com'}, method='frappe.core.doctype.user.user.update_gravatar', site='bat.localhost', user='Administrator') (bat.localhost||b53c175e-8fa5-48f7-b0fc-fa4eca793a31)
2025-03-17 17:09:12,536 Successfully completed frappe.utils.background_jobs.execute_job(event=None, is_async=True, job_name='frappe.core.doctype.user.user.update_gravatar', kwargs={'name': 'friend2@gmail.com'}, method='frappe.core.doctype.user.user.update_gravatar', site='bat.localhost', user='Administrator') job in 0:00:00.187659s on worker ea91b3a69eea40528d63c2532279b1d8
2025-03-17 17:09:12,537 Users-josueisoffline-Documents-GitHub-splitapp:default: Job OK (bat.localhost||b53c175e-8fa5-48f7-b0fc-fa4eca793a31)
2025-03-17 17:09:12,537 Result is kept for 600 seconds
2025-03-17 17:15:57,643 Cleaning registries for queue: Users-josueisoffline-Documents-GitHub-splitapp:short
2025-03-17 17:15:57,648 Cleaning registries for queue: Users-josueisoffline-Documents-GitHub-splitapp:default
2025-03-17 17:15:57,650 Cleaning registries for queue: Users-josueisoffline-Documents-GitHub-splitapp:long
2025-03-17 17:29:27,777 Cleaning registries for queue: Users-josueisoffline-Documents-GitHub-splitapp:short
2025-03-17 17:29:27,780 Cleaning registries for queue: Users-josueisoffline-Documents-GitHub-splitapp:default
2025-03-17 17:29:27,781 Cleaning registries for queue: Users-josueisoffline-Documents-GitHub-splitapp:long
2025-03-17 17:42:57,840 Cleaning registries for queue: Users-josueisoffline-Documents-GitHub-splitapp:short
2025-03-17 17:42:57,843 Cleaning registries for queue: Users-josueisoffline-Documents-GitHub-splitapp:default
2025-03-17 17:42:57,844 Cleaning registries for queue: Users-josueisoffline-Documents-GitHub-splitapp:long
2025-03-17 17:56:27,934 Cleaning registries for queue: Users-josueisoffline-Documents-GitHub-splitapp:short
2025-03-17 17:56:27,937 Cleaning registries for queue: Users-josueisoffline-Documents-GitHub-splitapp:default
2025-03-17 17:56:27,938 Cleaning registries for queue: Users-josueisoffline-Documents-GitHub-splitapp:long
2025-03-17 18:09:58,062 Cleaning registries for queue: Users-josueisoffline-Documents-GitHub-splitapp:short
2025-03-17 18:09:58,066 Cleaning registries for queue: Users-josueisoffline-Documents-GitHub-splitapp:default
2025-03-17 18:09:58,067 Cleaning registries for queue: Users-josueisoffline-Documents-GitHub-splitapp:long
2025-03-17 18:23:28,225 Cleaning registries for queue: Users-josueisoffline-Documents-GitHub-splitapp:short
2025-03-17 18:23:28,228 Cleaning registries for queue: Users-josueisoffline-Documents-GitHub-splitapp:default
2025-03-17 18:23:28,229 Cleaning registries for queue: Users-josueisoffline-Documents-GitHub-splitapp:long
2025-03-17 18:34:00,242 Users-josueisoffline-Documents-GitHub-splitapp:default: frappe.utils.background_jobs.execute_job(event=None, is_async=True, job_name='frappe.model.delete_doc.delete_dynamic_links', kwargs={'doctype': 'Expense', 'name': 'n87h1sla8v'}, method='frappe.model.delete_doc.delete_dynamic_links', site='bat.localhost', user='Administrator') (bat.localhost||476c877e-8c16-4f0d-8876-4819da42bd11)
2025-03-17 18:34:00,281 Successfully completed frappe.utils.background_jobs.execute_job(event=None, is_async=True, job_name='frappe.model.delete_doc.delete_dynamic_links', kwargs={'doctype': 'Expense', 'name': 'n87h1sla8v'}, method='frappe.model.delete_doc.delete_dynamic_links', site='bat.localhost', user='Administrator') job in 0:00:00.027788s on worker ea91b3a69eea40528d63c2532279b1d8
2025-03-17 18:34:00,282 Users-josueisoffline-Documents-GitHub-splitapp:default: Job OK (bat.localhost||476c877e-8c16-4f0d-8876-4819da42bd11)
2025-03-17 18:34:00,282 Result is kept for 600 seconds
2025-03-17 18:34:00,285 Cleaning registries for queue: Users-josueisoffline-Documents-GitHub-splitapp:short
2025-03-17 18:34:00,286 Cleaning registries for queue: Users-josueisoffline-Documents-GitHub-splitapp:default
2025-03-17 18:34:00,287 Cleaning registries for queue: Users-josueisoffline-Documents-GitHub-splitapp:long
2025-03-17 18:34:00,289 Users-josueisoffline-Documents-GitHub-splitapp:default: frappe.utils.background_jobs.execute_job(event=None, is_async=True, job_name='frappe.model.delete_doc.delete_dynamic_links', kwargs={'doctype': 'Expense', 'name': 'm4k25rcncv'}, method='frappe.model.delete_doc.delete_dynamic_links', site='bat.localhost', user='Administrator') (bat.localhost||5b366618-1b1a-4502-b2c9-c60e9bbb267f)
2025-03-17 18:34:00,319 Successfully completed frappe.utils.background_jobs.execute_job(event=None, is_async=True, job_name='frappe.model.delete_doc.delete_dynamic_links', kwargs={'doctype': 'Expense', 'name': 'm4k25rcncv'}, method='frappe.model.delete_doc.delete_dynamic_links', site='bat.localhost', user='Administrator') job in 0:00:00.021979s on worker ea91b3a69eea40528d63c2532279b1d8
2025-03-17 18:34:00,320 Users-josueisoffline-Documents-GitHub-splitapp:default: Job OK (bat.localhost||5b366618-1b1a-4502-b2c9-c60e9bbb267f)
2025-03-17 18:34:00,320 Result is kept for 600 seconds
2025-03-17 18:34:00,322 Users-josueisoffline-Documents-GitHub-splitapp:default: frappe.utils.background_jobs.execute_job(event=None, is_async=True, job_name='frappe.model.delete_doc.delete_dynamic_links', kwargs={'doctype': 'Expense', 'name': 'i779fuvqqc'}, method='frappe.model.delete_doc.delete_dynamic_links', site='bat.localhost', user='Administrator') (bat.localhost||6f30f42f-ff0a-44a5-80f4-1a8f3bf13b4e)
2025-03-17 18:34:00,345 Successfully completed frappe.utils.background_jobs.execute_job(event=None, is_async=True, job_name='frappe.model.delete_doc.delete_dynamic_links', kwargs={'doctype': 'Expense', 'name': 'i779fuvqqc'}, method='frappe.model.delete_doc.delete_dynamic_links', site='bat.localhost', user='Administrator') job in 0:00:00.017173s on worker ea91b3a69eea40528d63c2532279b1d8
2025-03-17 18:34:00,345 Users-josueisoffline-Documents-GitHub-splitapp:default: Job OK (bat.localhost||6f30f42f-ff0a-44a5-80f4-1a8f3bf13b4e)
2025-03-17 18:34:00,345 Result is kept for 600 seconds
2025-03-17 18:47:30,494 Cleaning registries for queue: Users-josueisoffline-Documents-GitHub-splitapp:short
2025-03-17 18:47:30,496 Cleaning registries for queue: Users-josueisoffline-Documents-GitHub-splitapp:default
2025-03-17 18:47:30,497 Cleaning registries for queue: Users-josueisoffline-Documents-GitHub-splitapp:long
2025-03-17 18:59:35,507 Worker ea91b3a69eea40528d63c2532279b1d8 [PID 12885]: warm shut down requested
2025-03-17 18:59:35,519 Unsubscribing from channel rq:pubsub:ea91b3a69eea40528d63c2532279b1d8
Traceback (most recent call last):
  File "/Users/josueisoffline/Documents/GitHub/splitapp/env/lib/python3.13/site-packages/redis/connection.py", line 357, in connect
    sock = self.retry.call_with_retry(
        lambda: self._connect(), lambda error: self.disconnect(error)
    )
  File "/Users/josueisoffline/Documents/GitHub/splitapp/env/lib/python3.13/site-packages/redis/retry.py", line 62, in call_with_retry
    return do()
  File "/Users/josueisoffline/Documents/GitHub/splitapp/env/lib/python3.13/site-packages/redis/connection.py", line 358, in <lambda>
    lambda: self._connect(), lambda error: self.disconnect(error)
            ~~~~~~~~~~~~~^^
  File "/Users/josueisoffline/Documents/GitHub/splitapp/env/lib/python3.13/site-packages/redis/connection.py", line 730, in _connect
    raise err
  File "/Users/josueisoffline/Documents/GitHub/splitapp/env/lib/python3.13/site-packages/redis/connection.py", line 718, in _connect
    sock.connect(socket_address)
    ~~~~~~~~~~~~^^^^^^^^^^^^^^^^
ConnectionRefusedError: [Errno 61] Connection refused

During handling of the above exception, another exception occurred:

Traceback (most recent call last):
  File "/Users/josueisoffline/Documents/GitHub/splitapp/apps/frappe/frappe/utils/bench_helper.py", line 48, in invoke
    return super().invoke(ctx)
           ~~~~~~~~~~~~~~^^^^^
  File "/Users/josueisoffline/Documents/GitHub/splitapp/env/lib/python3.13/site-packages/click/core.py", line 1697, in invoke
    return _process_result(sub_ctx.command.invoke(sub_ctx))
                           ~~~~~~~~~~~~~~~~~~~~~~^^^^^^^^^
  File "/Users/josueisoffline/Documents/GitHub/splitapp/env/lib/python3.13/site-packages/click/core.py", line 1443, in invoke
    return ctx.invoke(self.callback, **ctx.params)
           ~~~~~~~~~~^^^^^^^^^^^^^^^^^^^^^^^^^^^^^
  File "/Users/josueisoffline/Documents/GitHub/splitapp/env/lib/python3.13/site-packages/click/core.py", line 788, in invoke
    return __callback(*args, **kwargs)
  File "/Users/josueisoffline/Documents/GitHub/splitapp/apps/frappe/frappe/commands/scheduler.py", line 206, in start_worker
    start_worker(
    ~~~~~~~~~~~~^
    	queue,
     ^^^^^^
    ...<4 lines>...
    	strategy=strategy,
     ^^^^^^^^^^^^^^^^^^
    )
    ^
  File "/Users/josueisoffline/Documents/GitHub/splitapp/apps/frappe/frappe/utils/background_jobs.py", line 336, in start_worker
    worker.work(
    ~~~~~~~~~~~^
    	logging_level=logging_level,
     ^^^^^^^^^^^^^^^^^^^^^^^^^^^^
    ...<4 lines>...
    	with_scheduler=False,
     ^^^^^^^^^^^^^^^^^^^^^
    )
    ^
  File "/Users/josueisoffline/Documents/GitHub/splitapp/env/lib/python3.13/site-packages/rq/worker.py", line 645, in work
    self.teardown()
    ~~~~~~~~~~~~~^^
  File "/Users/josueisoffline/Documents/GitHub/splitapp/env/lib/python3.13/site-packages/rq/worker.py", line 1152, in teardown
    self.unsubscribe()
    ~~~~~~~~~~~~~~~~^^
  File "/Users/josueisoffline/Documents/GitHub/splitapp/env/lib/python3.13/site-packages/rq/worker.py", line 1059, in unsubscribe
    self.pubsub.unsubscribe()
    ~~~~~~~~~~~~~~~~~~~~~~~^^
  File "/Users/josueisoffline/Documents/GitHub/splitapp/env/lib/python3.13/site-packages/redis/client.py", line 982, in unsubscribe
    return self.execute_command("UNSUBSCRIBE", *args)
           ~~~~~~~~~~~~~~~~~~~~^^^^^^^^^^^^^^^^^^^^^^
  File "/Users/josueisoffline/Documents/GitHub/splitapp/env/lib/python3.13/site-packages/redis/client.py", line 786, in execute_command
    self.connection = self.connection_pool.get_connection(
                      ~~~~~~~~~~~~~~~~~~~~~~~~~~~~~~~~~~~^
        "pubsub", self.shard_hint
        ^^^^^^^^^^^^^^^^^^^^^^^^^
    )
    ^
  File "/Users/josueisoffline/Documents/GitHub/splitapp/env/lib/python3.13/site-packages/redis/connection.py", line 1422, in get_connection
    connection.connect()
    ~~~~~~~~~~~~~~~~~~^^
  File "/Users/josueisoffline/Documents/GitHub/splitapp/env/lib/python3.13/site-packages/redis/connection.py", line 363, in connect
    raise ConnectionError(self._error_message(e))
redis.exceptions.ConnectionError: Error 61 connecting to 127.0.0.1:11003. Connection refused.

Error 61 connecting to 127.0.0.1:11003. Connection refused.
2025-03-17 18:59:37,937 Worker rq:worker:b530f24b0b994d78be6f9b3f96ff1f86 started with PID 45095, version 2.1.0
2025-03-17 18:59:37,937 Subscribing to channel rq:pubsub:b530f24b0b994d78be6f9b3f96ff1f86
2025-03-17 18:59:37,937 *** Listening on Users-josueisoffline-Documents-GitHub-splitapp:short, Users-josueisoffline-Documents-GitHub-splitapp:default, Users-josueisoffline-Documents-GitHub-splitapp:long...
2025-03-17 18:59:37,937 Cleaning registries for queue: Users-josueisoffline-Documents-GitHub-splitapp:short
2025-03-17 18:59:37,938 Cleaning registries for queue: Users-josueisoffline-Documents-GitHub-splitapp:default
2025-03-17 18:59:37,938 Cleaning registries for queue: Users-josueisoffline-Documents-GitHub-splitapp:long
2025-03-17 19:03:56,346 Worker b530f24b0b994d78be6f9b3f96ff1f86 [PID 45095]: warm shut down requested
2025-03-17 19:03:56,359 Unsubscribing from channel rq:pubsub:b530f24b0b994d78be6f9b3f96ff1f86
Traceback (most recent call last):
  File "/Users/josueisoffline/Documents/GitHub/splitapp/env/lib/python3.13/site-packages/redis/connection.py", line 357, in connect
    sock = self.retry.call_with_retry(
        lambda: self._connect(), lambda error: self.disconnect(error)
    )
  File "/Users/josueisoffline/Documents/GitHub/splitapp/env/lib/python3.13/site-packages/redis/retry.py", line 62, in call_with_retry
    return do()
  File "/Users/josueisoffline/Documents/GitHub/splitapp/env/lib/python3.13/site-packages/redis/connection.py", line 358, in <lambda>
    lambda: self._connect(), lambda error: self.disconnect(error)
            ~~~~~~~~~~~~~^^
  File "/Users/josueisoffline/Documents/GitHub/splitapp/env/lib/python3.13/site-packages/redis/connection.py", line 730, in _connect
    raise err
  File "/Users/josueisoffline/Documents/GitHub/splitapp/env/lib/python3.13/site-packages/redis/connection.py", line 718, in _connect
    sock.connect(socket_address)
    ~~~~~~~~~~~~^^^^^^^^^^^^^^^^
ConnectionRefusedError: [Errno 61] Connection refused

During handling of the above exception, another exception occurred:

Traceback (most recent call last):
  File "/Users/josueisoffline/Documents/GitHub/splitapp/apps/frappe/frappe/utils/bench_helper.py", line 48, in invoke
    return super().invoke(ctx)
           ~~~~~~~~~~~~~~^^^^^
  File "/Users/josueisoffline/Documents/GitHub/splitapp/env/lib/python3.13/site-packages/click/core.py", line 1697, in invoke
    return _process_result(sub_ctx.command.invoke(sub_ctx))
                           ~~~~~~~~~~~~~~~~~~~~~~^^^^^^^^^
  File "/Users/josueisoffline/Documents/GitHub/splitapp/env/lib/python3.13/site-packages/click/core.py", line 1443, in invoke
    return ctx.invoke(self.callback, **ctx.params)
           ~~~~~~~~~~^^^^^^^^^^^^^^^^^^^^^^^^^^^^^
  File "/Users/josueisoffline/Documents/GitHub/splitapp/env/lib/python3.13/site-packages/click/core.py", line 788, in invoke
    return __callback(*args, **kwargs)
  File "/Users/josueisoffline/Documents/GitHub/splitapp/apps/frappe/frappe/commands/scheduler.py", line 206, in start_worker
    start_worker(
    ~~~~~~~~~~~~^
    	queue,
     ^^^^^^
    ...<4 lines>...
    	strategy=strategy,
     ^^^^^^^^^^^^^^^^^^
    )
    ^
  File "/Users/josueisoffline/Documents/GitHub/splitapp/apps/frappe/frappe/utils/background_jobs.py", line 336, in start_worker
    worker.work(
    ~~~~~~~~~~~^
    	logging_level=logging_level,
     ^^^^^^^^^^^^^^^^^^^^^^^^^^^^
    ...<4 lines>...
    	with_scheduler=False,
     ^^^^^^^^^^^^^^^^^^^^^
    )
    ^
  File "/Users/josueisoffline/Documents/GitHub/splitapp/env/lib/python3.13/site-packages/rq/worker.py", line 645, in work
    self.teardown()
    ~~~~~~~~~~~~~^^
  File "/Users/josueisoffline/Documents/GitHub/splitapp/env/lib/python3.13/site-packages/rq/worker.py", line 1152, in teardown
    self.unsubscribe()
    ~~~~~~~~~~~~~~~~^^
  File "/Users/josueisoffline/Documents/GitHub/splitapp/env/lib/python3.13/site-packages/rq/worker.py", line 1059, in unsubscribe
    self.pubsub.unsubscribe()
    ~~~~~~~~~~~~~~~~~~~~~~~^^
  File "/Users/josueisoffline/Documents/GitHub/splitapp/env/lib/python3.13/site-packages/redis/client.py", line 982, in unsubscribe
    return self.execute_command("UNSUBSCRIBE", *args)
           ~~~~~~~~~~~~~~~~~~~~^^^^^^^^^^^^^^^^^^^^^^
  File "/Users/josueisoffline/Documents/GitHub/splitapp/env/lib/python3.13/site-packages/redis/client.py", line 786, in execute_command
    self.connection = self.connection_pool.get_connection(
                      ~~~~~~~~~~~~~~~~~~~~~~~~~~~~~~~~~~~^
        "pubsub", self.shard_hint
        ^^^^^^^^^^^^^^^^^^^^^^^^^
    )
    ^
  File "/Users/josueisoffline/Documents/GitHub/splitapp/env/lib/python3.13/site-packages/redis/connection.py", line 1422, in get_connection
    connection.connect()
    ~~~~~~~~~~~~~~~~~~^^
  File "/Users/josueisoffline/Documents/GitHub/splitapp/env/lib/python3.13/site-packages/redis/connection.py", line 363, in connect
    raise ConnectionError(self._error_message(e))
redis.exceptions.ConnectionError: Error 61 connecting to 127.0.0.1:11003. Connection refused.

Error 61 connecting to 127.0.0.1:11003. Connection refused.
2025-03-17 19:04:21,391 Worker rq:worker:d9b0e1a0a0e54591a48ef17ce7481887 started with PID 46969, version 2.1.0
2025-03-17 19:04:21,391 Subscribing to channel rq:pubsub:d9b0e1a0a0e54591a48ef17ce7481887
2025-03-17 19:04:21,392 *** Listening on Users-josueisoffline-Documents-GitHub-splitapp:short, Users-josueisoffline-Documents-GitHub-splitapp:default, Users-josueisoffline-Documents-GitHub-splitapp:long...
2025-03-17 19:04:21,392 Cleaning registries for queue: Users-josueisoffline-Documents-GitHub-splitapp:short
2025-03-17 19:04:21,392 Cleaning registries for queue: Users-josueisoffline-Documents-GitHub-splitapp:default
2025-03-17 19:04:21,393 Cleaning registries for queue: Users-josueisoffline-Documents-GitHub-splitapp:long
2025-03-17 19:17:51,484 Cleaning registries for queue: Users-josueisoffline-Documents-GitHub-splitapp:short
2025-03-17 19:17:51,488 Cleaning registries for queue: Users-josueisoffline-Documents-GitHub-splitapp:default
2025-03-17 19:17:51,489 Cleaning registries for queue: Users-josueisoffline-Documents-GitHub-splitapp:long
2025-03-17 19:31:21,615 Cleaning registries for queue: Users-josueisoffline-Documents-GitHub-splitapp:short
2025-03-17 19:31:21,619 Cleaning registries for queue: Users-josueisoffline-Documents-GitHub-splitapp:default
2025-03-17 19:31:21,620 Cleaning registries for queue: Users-josueisoffline-Documents-GitHub-splitapp:long
